<?xml version="1.0" encoding="UTF-8"?>
<!-- Generated by org.testng.reporters.JUnitReportReporter -->
<testsuite skipped="0" hostname="MacBook-Pro-Dastan.local" name="com.app.runners.CukesRunner" tests="2" failures="0" timestamp="01 Jul 2018 19:05:00 GMT" time="0.046" errors="2">
  <testcase name="runScenario" time="0.014" classname="com.app.runners.CukesRunner">
    <error/>
  </testcase> <!-- runScenario -->
  <testcase name="runScenario" time="0.032" classname="com.app.runners.CukesRunner">
    <error/>
  </testcase> <!-- runScenario -->
</testsuite> <!-- com.app.runners.CukesRunner -->
